2025-08-04 09:59:38 http: [POST] /auth/logout | IP: ::1 | User: Anonymous | Referer: unknown | UA: PostmanRuntime/7.43.0 | Geo: N/A, US []
2025-08-04 09:59:55 http: [POST] /auth/login | IP: ::1 | User: Anonymous | Referer: unknown | UA: PostmanRuntime/7.43.0 | Geo: N/A, US []
2025-08-04 10:00:07 http: [POST] /auth/logout | IP: ::1 | User: Anonymous | Referer: unknown | UA: PostmanRuntime/7.43.0 | Geo: N/A, US []
2025-08-04 10:00:55 http: [POST] /auth/logout | IP: ::1 | User: Anonymous | Referer: unknown | UA: PostmanRuntime/7.43.0 | Geo: N/A, US []
2025-08-04 16:56:54 http: [POST] /auth/login | IP: ::1 | User: Anonymous | Referer: unknown | UA: PostmanRuntime/7.43.0 | Geo: N/A, US []
2025-08-04 17:01:58 http: [POST] /analyzer/analyze | IP: ::1 | User: Anonymous | Referer: unknown | UA: PostmanRuntime/7.43.0 | Geo: N/A, US []
2025-08-04 17:03:46 http: [POST] /analyzer/analyze | IP: ::1 | User: Anonymous | Referer: unknown | UA: PostmanRuntime/7.43.0 | Geo: N/A, US []
2025-08-04 17:05:11 http: [POST] /analyzer/analyze | IP: ::1 | User: Anonymous | Referer: unknown | UA: PostmanRuntime/7.43.0 | Geo: N/A, US []
2025-08-04 17:07:43 http: [POST] /analyzer/analyze | IP: ::1 | User: Anonymous | Referer: unknown | UA: PostmanRuntime/7.43.0 | Geo: N/A, US []
2025-08-04 17:11:23 http: [POST] /analyzer/analyze | IP: ::1 | User: Anonymous | Referer: unknown | UA: PostmanRuntime/7.43.0 | Geo: N/A, US []
2025-08-04 17:25:01 http: [POST] /analyzer/analyze | IP: ::1 | User: Anonymous | Referer: unknown | UA: PostmanRuntime/7.43.0 | Geo: N/A, US []
2025-08-04 17:30:27 http: [POST] /auth/logout | IP: ::1 | User: Anonymous | Referer: unknown | UA: PostmanRuntime/7.43.0 | Geo: N/A, US []
2025-08-04 17:30:39 http: [POST] /auth/login | IP: ::1 | User: Anonymous | Referer: unknown | UA: PostmanRuntime/7.43.0 | Geo: N/A, US []
2025-08-04 17:31:26 http: [POST] /analyzer/analyze | IP: ::1 | User: Anonymous | Referer: unknown | UA: PostmanRuntime/7.43.0 | Geo: N/A, US []
2025-08-04 17:49:01 http: [POST] /analyzer/analyze | IP: ::1 | User: Anonymous | Referer: unknown | UA: PostmanRuntime/7.43.0 | Geo: N/A, US []
2025-08-04 17:49:12 http: [POST] /auth/logout | IP: ::1 | User: Anonymous | Referer: unknown | UA: PostmanRuntime/7.43.0 | Geo: N/A, US []
2025-08-04 17:49:15 http: [POST] /auth/logout | IP: ::1 | User: Anonymous | Referer: unknown | UA: PostmanRuntime/7.43.0 | Geo: N/A, US []
2025-08-04 17:49:47 http: [POST] /csrf-token | IP: ::1 | User: Anonymous | Referer: unknown | UA: PostmanRuntime/7.43.0 | Geo: N/A, US []
2025-08-04 17:50:12 http: [POST] /csrf-token//csrf-token | IP: ::1 | User: Anonymous | Referer: unknown | UA: PostmanRuntime/7.43.0 | Geo: N/A, US []
2025-08-04 17:50:19 http: [POST] /csrf-token/csrf-token | IP: ::1 | User: Anonymous | Referer: unknown | UA: PostmanRuntime/7.43.0 | Geo: N/A, US []
2025-08-04 17:50:32 http: [POST] /auth/login | IP: ::1 | User: Anonymous | Referer: unknown | UA: PostmanRuntime/7.43.0 | Geo: N/A, US []
2025-08-04 17:50:39 http: [POST] /auth/login | IP: ::1 | User: Anonymous | Referer: unknown | UA: PostmanRuntime/7.43.0 | Geo: N/A, US []
2025-08-04 17:50:59 http: [POST] /analyzer/analyze | IP: ::1 | User: Anonymous | Referer: unknown | UA: PostmanRuntime/7.43.0 | Geo: N/A, US []
2025-08-04 17:52:37 http: [POST] /analyzer/analyze | IP: ::1 | User: Anonymous | Referer: unknown | UA: PostmanRuntime/7.43.0 | Geo: N/A, US []
2025-08-04 18:01:44 http: [POST] /analyzer/analyze | IP: ::1 | User: Anonymous | Referer: unknown | UA: PostmanRuntime/7.43.0 | Geo: N/A, US []
2025-08-04 18:04:20 http: [POST] /analyzer/analyze | IP: ::1 | User: Anonymous | Referer: unknown | UA: PostmanRuntime/7.43.0 | Geo: N/A, US []
2025-08-04 18:12:41 http: [POST] /analyzer/analyze | IP: ::1 | User: Anonymous | Referer: unknown | UA: PostmanRuntime/7.43.0 | Geo: N/A, US []
2025-08-04 18:12:48 http: [POST] /auth/logout | IP: ::1 | User: Anonymous | Referer: unknown | UA: PostmanRuntime/7.43.0 | Geo: N/A, US []
2025-08-04 18:12:56 http: [POST] /login | IP: ::1 | User: Anonymous | Referer: unknown | UA: PostmanRuntime/7.43.0 | Geo: N/A, US []
2025-08-04 18:13:04 http: [POST] /auth/login | IP: ::1 | User: Anonymous | Referer: unknown | UA: PostmanRuntime/7.43.0 | Geo: N/A, US []
2025-08-04 18:13:27 http: [POST] /analyzer/anayze | IP: ::1 | User: Anonymous | Referer: unknown | UA: PostmanRuntime/7.43.0 | Geo: N/A, US []
2025-08-04 18:14:19 http: [POST] /analyzer/analyze | IP: ::1 | User: Anonymous | Referer: unknown | UA: PostmanRuntime/7.43.0 | Geo: N/A, US []
2025-08-04 18:21:36 http: [POST] /analyzer/analyze | IP: ::1 | User: Anonymous | Referer: unknown | UA: PostmanRuntime/7.43.0 | Geo: N/A, US []
2025-08-04 18:24:15 http: [POST] /analyzer/analyze | IP: ::1 | User: Anonymous | Referer: unknown | UA: PostmanRuntime/7.43.0 | Geo: N/A, US []
2025-08-04 18:25:50 http: [POST] /analyzer/analyze | IP: ::1 | User: Anonymous | Referer: unknown | UA: PostmanRuntime/7.43.0 | Geo: N/A, US []
2025-08-04 18:29:22 http: [POST] /analyzer/analyze | IP: ::1 | User: Anonymous | Referer: unknown | UA: PostmanRuntime/7.43.0 | Geo: N/A, US []
2025-08-04 18:29:35 http: [POST] /auth/login | IP: ::1 | User: Anonymous | Referer: unknown | UA: PostmanRuntime/7.43.0 | Geo: N/A, US []
2025-08-04 18:29:39 http: [POST] /auth/login | IP: ::1 | User: Anonymous | Referer: unknown | UA: PostmanRuntime/7.43.0 | Geo: N/A, US []
2025-08-04 18:30:07 http: [POST] /analyzer/analyze | IP: ::1 | User: Anonymous | Referer: unknown | UA: PostmanRuntime/7.43.0 | Geo: N/A, US []
2025-08-04 18:30:44 http: [POST] /analyzer/analyze | IP: ::1 | User: Anonymous | Referer: unknown | UA: PostmanRuntime/7.43.0 | Geo: N/A, US []
2025-08-04 18:30:55 http: [POST] /analyzer/analyze | IP: ::1 | User: Anonymous | Referer: unknown | UA: PostmanRuntime/7.43.0 | Geo: N/A, US []
2025-08-04 18:31:02 http: [POST] /analyzer/analyze | IP: ::1 | User: Anonymous | Referer: unknown | UA: PostmanRuntime/7.43.0 | Geo: N/A, US []
2025-08-04 18:32:30 http: [POST] /analyzer/analyze | IP: ::1 | User: Anonymous | Referer: unknown | UA: PostmanRuntime/7.43.0 | Geo: N/A, US []
2025-08-04 18:37:26 http: [POST] /analyzer/analyze | IP: ::1 | User: Anonymous | Referer: unknown | UA: PostmanRuntime/7.43.0 | Geo: N/A, US []
2025-08-04 18:40:22 http: [POST] /analyzer/analyze | IP: ::1 | User: Anonymous | Referer: unknown | UA: PostmanRuntime/7.43.0 | Geo: N/A, US []
2025-08-04 18:44:55 http: [POST] /analyzer/analyze | IP: ::1 | User: Anonymous | Referer: unknown | UA: PostmanRuntime/7.43.0 | Geo: N/A, US []
2025-08-04 18:45:05 http: [POST] /auth/login | IP: ::1 | User: Anonymous | Referer: unknown | UA: PostmanRuntime/7.43.0 | Geo: N/A, US []
2025-08-04 18:45:22 http: [POST] /analyzer/analyze | IP: ::1 | User: Anonymous | Referer: unknown | UA: PostmanRuntime/7.43.0 | Geo: N/A, US []
2025-08-04 18:48:04 http: [POST] /analyzer/analyze | IP: ::1 | User: Anonymous | Referer: unknown | UA: PostmanRuntime/7.43.0 | Geo: N/A, US []
2025-08-04 18:50:10 http: [POST] /analyzer/analyze | IP: ::1 | User: Anonymous | Referer: unknown | UA: PostmanRuntime/7.43.0 | Geo: N/A, US []
2025-08-04 18:50:25 http: [POST] /analyzer/analyze | IP: ::1 | User: Anonymous | Referer: unknown | UA: PostmanRuntime/7.43.0 | Geo: N/A, US []
2025-08-04 19:01:02 http: [POST] /analyzer/analyze | IP: ::1 | User: Anonymous | Referer: unknown | UA: PostmanRuntime/7.43.0 | Geo: N/A, US []
2025-08-04 19:01:14 http: [POST] /auth/login | IP: ::1 | User: Anonymous | Referer: unknown | UA: PostmanRuntime/7.43.0 | Geo: N/A, US []
2025-08-04 19:01:30 http: [POST] /analyzer/analyze | IP: ::1 | User: Anonymous | Referer: unknown | UA: PostmanRuntime/7.43.0 | Geo: N/A, US []
2025-08-04 19:09:40 http: [POST] /analyzer/analyze | IP: ::1 | User: Anonymous | Referer: unknown | UA: PostmanRuntime/7.43.0 | Geo: N/A, US []
2025-08-04 19:13:01 http: [POST] /analyzer/analyze | IP: ::1 | User: Anonymous | Referer: unknown | UA: PostmanRuntime/7.43.0 | Geo: N/A, US []
2025-08-04 19:15:12 http: [POST] /analyzer/analyze | IP: ::1 | User: Anonymous | Referer: unknown | UA: PostmanRuntime/7.43.0 | Geo: N/A, US []
2025-08-04 19:24:07 http: [POST] /analyzer/analyze | IP: ::1 | User: Anonymous | Referer: unknown | UA: PostmanRuntime/7.43.0 | Geo: N/A, US []
2025-08-04 19:24:19 http: [POST] /auth/login | IP: ::1 | User: Anonymous | Referer: unknown | UA: PostmanRuntime/7.43.0 | Geo: N/A, US []
2025-08-04 19:24:35 http: [POST] /analyzer/analyze | IP: ::1 | User: Anonymous | Referer: unknown | UA: PostmanRuntime/7.43.0 | Geo: N/A, US []
2025-08-04 19:25:27 http: [POST] /analyzer/analyze | IP: ::1 | User: Anonymous | Referer: unknown | UA: PostmanRuntime/7.43.0 | Geo: N/A, US []
2025-08-04 19:29:54 http: [POST] /analyzer/analyze | IP: ::1 | User: Anonymous | Referer: unknown | UA: PostmanRuntime/7.43.0 | Geo: N/A, US []
2025-08-04 19:33:05 http: [POST] /analyzer/analyze | IP: ::1 | User: Anonymous | Referer: unknown | UA: PostmanRuntime/7.43.0 | Geo: N/A, US []
2025-08-04 19:44:51 http: [POST] /analyzer/analyze | IP: ::1 | User: Anonymous | Referer: unknown | UA: PostmanRuntime/7.43.0 | Geo: N/A, US []
2025-08-04 19:45:01 http: [POST] /auth/login | IP: ::1 | User: Anonymous | Referer: unknown | UA: PostmanRuntime/7.43.0 | Geo: N/A, US []
2025-08-04 19:45:07 http: [POST] /auth/login | IP: ::1 | User: Anonymous | Referer: unknown | UA: PostmanRuntime/7.43.0 | Geo: N/A, US []
2025-08-04 19:45:23 http: [POST] /analyzer/analyze | IP: ::1 | User: Anonymous | Referer: unknown | UA: PostmanRuntime/7.43.0 | Geo: N/A, US []
2025-08-04 19:46:03 http: [POST] /analyzer/analyze | IP: ::1 | User: Anonymous | Referer: unknown | UA: PostmanRuntime/7.43.0 | Geo: N/A, US []
2025-08-04 19:49:10 http: [POST] /analyzer/analyze | IP: ::1 | User: Anonymous | Referer: unknown | UA: PostmanRuntime/7.43.0 | Geo: N/A, US []
2025-08-04 19:53:46 http: [POST] /analyzer/analyze | IP: ::1 | User: Anonymous | Referer: unknown | UA: PostmanRuntime/7.43.0 | Geo: N/A, US []
2025-08-04 20:00:04 http: [POST] /analyzer/analyze | IP: ::1 | User: Anonymous | Referer: unknown | UA: PostmanRuntime/7.43.0 | Geo: N/A, US []
2025-08-04 20:00:14 http: [POST] /analyzer/analyze | IP: ::1 | User: Anonymous | Referer: unknown | UA: PostmanRuntime/7.43.0 | Geo: N/A, US []
2025-08-04 20:00:26 http: [POST] /auth/login | IP: ::1 | User: Anonymous | Referer: unknown | UA: PostmanRuntime/7.43.0 | Geo: N/A, US []
2025-08-04 20:00:36 http: [POST] /analyzer/analyze | IP: ::1 | User: Anonymous | Referer: unknown | UA: PostmanRuntime/7.43.0 | Geo: N/A, US []
2025-08-04 20:14:21 http: [POST] /analyzer/analyze | IP: ::1 | User: Anonymous | Referer: unknown | UA: PostmanRuntime/7.43.0 | Geo: N/A, US []
2025-08-04 20:15:20 http: [POST] /analyzer/analyze | IP: ::1 | User: Anonymous | Referer: unknown | UA: PostmanRuntime/7.43.0 | Geo: N/A, US []
2025-08-04 20:25:09 http: [POST] /analyzer/analyze | IP: ::1 | User: Anonymous | Referer: unknown | UA: PostmanRuntime/7.43.0 | Geo: N/A, US []
2025-08-04 20:26:10 http: [POST] /auth/login | IP: ::1 | User: Anonymous | Referer: unknown | UA: PostmanRuntime/7.43.0 | Geo: N/A, US []
2025-08-04 20:26:29 http: [POST] /analyzer/analyze | IP: ::1 | User: Anonymous | Referer: unknown | UA: PostmanRuntime/7.43.0 | Geo: N/A, US []
2025-08-04 20:28:58 http: [POST] /analyzer/analyze | IP: ::1 | User: Anonymous | Referer: unknown | UA: PostmanRuntime/7.43.0 | Geo: N/A, US []
2025-08-04 20:31:18 http: [POST] /analyzer/analyze | IP: ::1 | User: Anonymous | Referer: unknown | UA: PostmanRuntime/7.43.0 | Geo: N/A, US []
2025-08-04 20:34:23 http: [POST] /analyzer/analyze | IP: ::1 | User: Anonymous | Referer: unknown | UA: PostmanRuntime/7.43.0 | Geo: N/A, US []
2025-08-04 20:37:10 http: [POST] /analyzer/analyze | IP: ::1 | User: Anonymous | Referer: unknown | UA: PostmanRuntime/7.43.0 | Geo: N/A, US []
2025-08-04 20:47:16 http: [POST] /auth/login | IP: ::1 | User: Anonymous | Referer: unknown | UA: PostmanRuntime/7.43.0 | Geo: N/A, US []
2025-08-04 20:47:28 http: [POST] /analyzer/analyze | IP: ::1 | User: Anonymous | Referer: unknown | UA: PostmanRuntime/7.43.0 | Geo: N/A, US []
2025-08-04 20:48:34 http: [POST] /analyzer/analyze | IP: ::1 | User: Anonymous | Referer: unknown | UA: PostmanRuntime/7.43.0 | Geo: N/A, US []
2025-08-04 21:10:35 http: [POST] /auth/login | IP: ::1 | User: Anonymous | Referer: unknown | UA: PostmanRuntime/7.43.0 | Geo: N/A, US []
2025-08-04 21:10:42 http: [POST] /analyzer/analyze | IP: ::1 | User: Anonymous | Referer: unknown | UA: PostmanRuntime/7.43.0 | Geo: N/A, US []
2025-08-04 21:28:17 http: [POST] /analyzer/analyze | IP: ::1 | User: Anonymous | Referer: unknown | UA: PostmanRuntime/7.43.0 | Geo: N/A, US []
2025-08-04 21:28:27 http: [POST] /auth/login | IP: ::1 | User: Anonymous | Referer: unknown | UA: PostmanRuntime/7.43.0 | Geo: N/A, US []
2025-08-04 21:28:37 http: [POST] /analyzer/analyze | IP: ::1 | User: Anonymous | Referer: unknown | UA: PostmanRuntime/7.43.0 | Geo: N/A, US []
2025-08-04 21:30:06 http: [POST] /analyzer/analyze | IP: ::1 | User: Anonymous | Referer: unknown | UA: PostmanRuntime/7.43.0 | Geo: N/A, US []
2025-08-04 21:30:31 http: [POST] /analyzer/analyze | IP: ::1 | User: Anonymous | Referer: unknown | UA: PostmanRuntime/7.43.0 | Geo: N/A, US []
2025-08-04 21:33:49 http: [POST] /analyzer/analyze | IP: ::1 | User: Anonymous | Referer: unknown | UA: PostmanRuntime/7.43.0 | Geo: N/A, US []
2025-08-04 21:38:10 http: [POST] /analyzer/analyze | IP: ::1 | User: Anonymous | Referer: unknown | UA: PostmanRuntime/7.43.0 | Geo: N/A, US []
2025-08-04 21:38:35 http: [POST] /auth/login | IP: ::1 | User: Anonymous | Referer: unknown | UA: PostmanRuntime/7.43.0 | Geo: N/A, US []
2025-08-04 21:38:49 http: [POST] /analyzer/analyze | IP: ::1 | User: Anonymous | Referer: unknown | UA: PostmanRuntime/7.43.0 | Geo: N/A, US []
2025-08-04 21:40:22 http: [POST] /analyzer/analyze | IP: ::1 | User: Anonymous | Referer: unknown | UA: PostmanRuntime/7.43.0 | Geo: N/A, US []
2025-08-04 21:54:11 http: [POST] /analyzer/analyze | IP: ::1 | User: Anonymous | Referer: unknown | UA: PostmanRuntime/7.43.0 | Geo: N/A, US []
2025-08-04 21:54:26 http: [POST] /auth/login | IP: ::1 | User: Anonymous | Referer: unknown | UA: PostmanRuntime/7.43.0 | Geo: N/A, US []
2025-08-04 21:54:32 http: [POST] /analyzer/analyze | IP: ::1 | User: Anonymous | Referer: unknown | UA: PostmanRuntime/7.43.0 | Geo: N/A, US []
2025-08-04 22:06:00 http: [POST] /analyzer/analyze | IP: ::1 | User: Anonymous | Referer: unknown | UA: PostmanRuntime/7.43.0 | Geo: N/A, US []
2025-08-04 22:24:18 http: [POST] /analyzer/analyze | IP: ::1 | User: Anonymous | Referer: unknown | UA: PostmanRuntime/7.43.0 | Geo: N/A, US []
2025-08-04 22:24:29 http: [POST] /auth/login | IP: ::1 | User: Anonymous | Referer: unknown | UA: PostmanRuntime/7.43.0 | Geo: N/A, US []
2025-08-04 22:24:34 http: [POST] /analyzer/analyze | IP: ::1 | User: Anonymous | Referer: unknown | UA: PostmanRuntime/7.43.0 | Geo: N/A, US []
2025-08-04 22:24:41 http: [POST] /analyzer/analyze | IP: ::1 | User: Anonymous | Referer: unknown | UA: PostmanRuntime/7.43.0 | Geo: N/A, US []
2025-08-04 22:25:45 http: [POST] /analyzer/analyze | IP: ::1 | User: Anonymous | Referer: unknown | UA: PostmanRuntime/7.43.0 | Geo: N/A, US []
2025-08-04 22:26:55 http: [POST] /analyzer/analyze | IP: ::1 | User: Anonymous | Referer: unknown | UA: PostmanRuntime/7.43.0 | Geo: N/A, US []
2025-08-04 22:28:41 http: [POST] /analyzer/analyze | IP: ::1 | User: Anonymous | Referer: unknown | UA: PostmanRuntime/7.43.0 | Geo: N/A, US []
