::1 - - [02/Aug/2025:18:15:40 +0000] "POST /auth/login HTTP/1.1" 200 117 "-" "PostmanRuntime/7.43.0"
::1 - - [02/Aug/2025:18:15:40 +0000] "POST /auth/login HTTP/1.1" 200 117 "-" "PostmanRuntime/7.43.0"
::1 - - [02/Aug/2025:18:31:26 +0000] "POST /auth/logout HTTP/1.1" 200 57 "-" "PostmanRuntime/7.43.0"
::1 - - [02/Aug/2025:18:31:26 +0000] "POST /auth/logout HTTP/1.1" 200 57 "-" "PostmanRuntime/7.43.0"
::1 - - [03/Aug/2025:15:03:23 +0000] "POST /auth/login HTTP/1.1" 200 117 "-" "PostmanRuntime/7.43.0"
::1 - - [03/Aug/2025:15:03:23 +0000] "POST /auth/login HTTP/1.1" 200 117 "-" "PostmanRuntime/7.43.0"
::1 - - [03/Aug/2025:17:00:31 +0000] "POST /auth/logout HTTP/1.1" 403 32 "-" "PostmanRuntime/7.43.0"
::1 - - [03/Aug/2025:17:00:31 +0000] "POST /auth/logout HTTP/1.1" 403 32 "-" "PostmanRuntime/7.43.0"
::1 - - [03/Aug/2025:17:00:37 +0000] "POST /auth/login HTTP/1.1" 200 117 "-" "PostmanRuntime/7.43.0"
::1 - - [03/Aug/2025:17:00:37 +0000] "POST /auth/login HTTP/1.1" 200 117 "-" "PostmanRuntime/7.43.0"
::1 - - [03/Aug/2025:17:28:48 +0000] "POST /auth/login HTTP/1.1" 200 117 "-" "PostmanRuntime/7.43.0"
::1 - - [03/Aug/2025:17:28:48 +0000] "POST /auth/login HTTP/1.1" 200 117 "-" "PostmanRuntime/7.43.0"
::1 - - [03/Aug/2025:17:30:09 +0000] "POST /auth/logout HTTP/1.1" 403 32 "-" "PostmanRuntime/7.43.0"
::1 - - [03/Aug/2025:17:30:09 +0000] "POST /auth/logout HTTP/1.1" 403 32 "-" "PostmanRuntime/7.43.0"
::1 - - [03/Aug/2025:17:34:28 +0000] "POST /auth/login HTTP/1.1" 200 117 "-" "PostmanRuntime/7.43.0"
::1 - - [03/Aug/2025:17:34:28 +0000] "POST /auth/login HTTP/1.1" 200 117 "-" "PostmanRuntime/7.43.0"
::1 - - [03/Aug/2025:17:35:07 +0000] "POST /auth/logout HTTP/1.1" 403 32 "-" "PostmanRuntime/7.43.0"
::1 - - [03/Aug/2025:17:35:07 +0000] "POST /auth/logout HTTP/1.1" 403 32 "-" "PostmanRuntime/7.43.0"
::1 - - [03/Aug/2025:17:35:15 +0000] "POST /auth/login HTTP/1.1" 200 117 "-" "PostmanRuntime/7.43.0"
::1 - - [03/Aug/2025:17:35:15 +0000] "POST /auth/login HTTP/1.1" 200 117 "-" "PostmanRuntime/7.43.0"
::1 - - [03/Aug/2025:17:43:06 +0000] "POST /auth/logout HTTP/1.1" 403 32 "-" "PostmanRuntime/7.43.0"
::1 - - [03/Aug/2025:17:43:06 +0000] "POST /auth/logout HTTP/1.1" 403 32 "-" "PostmanRuntime/7.43.0"
::1 - - [03/Aug/2025:17:47:42 +0000] "POST /auth/login HTTP/1.1" 200 117 "-" "PostmanRuntime/7.43.0"
::1 - - [03/Aug/2025:17:47:42 +0000] "POST /auth/login HTTP/1.1" 200 117 "-" "PostmanRuntime/7.43.0"
::1 - - [03/Aug/2025:17:52:15 +0000] "POST /auth/logout HTTP/1.1" 403 32 "-" "PostmanRuntime/7.43.0"
::1 - - [03/Aug/2025:17:52:15 +0000] "POST /auth/logout HTTP/1.1" 403 32 "-" "PostmanRuntime/7.43.0"
::1 - - [03/Aug/2025:17:53:33 +0000] "POST /auth/login HTTP/1.1" 200 117 "-" "PostmanRuntime/7.43.0"
::1 - - [03/Aug/2025:17:53:57 +0000] "POST /auth/logout HTTP/1.1" 403 32 "-" "PostmanRuntime/7.43.0"
::1 - - [03/Aug/2025:17:53:57 +0000] "POST /auth/logout HTTP/1.1" 403 32 "-" "PostmanRuntime/7.43.0"
::1 - - [03/Aug/2025:17:54:21 +0000] "POST /auth/login HTTP/1.1" 200 117 "-" "PostmanRuntime/7.43.0"
::1 - - [03/Aug/2025:17:54:21 +0000] "POST /auth/login HTTP/1.1" 200 117 "-" "PostmanRuntime/7.43.0"
::1 - - [04/Aug/2025:06:59:38 +0000] "POST /auth/logout HTTP/1.1" 403 32 "-" "PostmanRuntime/7.43.0"
::1 - - [04/Aug/2025:06:59:38 +0000] "POST /auth/logout HTTP/1.1" 403 32 "-" "PostmanRuntime/7.43.0"
::1 - - [04/Aug/2025:06:59:56 +0000] "POST /auth/login HTTP/1.1" 200 117 "-" "PostmanRuntime/7.43.0"
::1 - - [04/Aug/2025:06:59:56 +0000] "POST /auth/login HTTP/1.1" 200 117 "-" "PostmanRuntime/7.43.0"
::1 - - [04/Aug/2025:07:00:07 +0000] "POST /auth/logout HTTP/1.1" 403 32 "-" "PostmanRuntime/7.43.0"
::1 - - [04/Aug/2025:07:00:07 +0000] "POST /auth/logout HTTP/1.1" 403 32 "-" "PostmanRuntime/7.43.0"
::1 - - [04/Aug/2025:07:00:55 +0000] "POST /auth/logout HTTP/1.1" 200 57 "-" "PostmanRuntime/7.43.0"
::1 - - [04/Aug/2025:07:00:55 +0000] "POST /auth/logout HTTP/1.1" 200 57 "-" "PostmanRuntime/7.43.0"
::1 - - [04/Aug/2025:13:56:54 +0000] "POST /auth/login HTTP/1.1" 200 117 "-" "PostmanRuntime/7.43.0"
::1 - - [04/Aug/2025:13:56:54 +0000] "POST /auth/login HTTP/1.1" 200 117 "-" "PostmanRuntime/7.43.0"
::1 - - [04/Aug/2025:14:01:58 +0000] "POST /analyzer/analyze HTTP/1.1" 200 1385 "-" "PostmanRuntime/7.43.0"
::1 - - [04/Aug/2025:14:01:58 +0000] "POST /analyzer/analyze HTTP/1.1" 200 1385 "-" "PostmanRuntime/7.43.0"
::1 - - [04/Aug/2025:14:03:46 +0000] "POST /analyzer/analyze HTTP/1.1" 200 1343 "-" "PostmanRuntime/7.43.0"
::1 - - [04/Aug/2025:14:03:46 +0000] "POST /analyzer/analyze HTTP/1.1" 200 1343 "-" "PostmanRuntime/7.43.0"
::1 - - [04/Aug/2025:14:05:11 +0000] "POST /analyzer/analyze HTTP/1.1" 200 1597 "-" "PostmanRuntime/7.43.0"
::1 - - [04/Aug/2025:14:05:11 +0000] "POST /analyzer/analyze HTTP/1.1" 200 1597 "-" "PostmanRuntime/7.43.0"
::1 - - [04/Aug/2025:14:07:43 +0000] "POST /analyzer/analyze HTTP/1.1" 200 1352 "-" "PostmanRuntime/7.43.0"
::1 - - [04/Aug/2025:14:07:43 +0000] "POST /analyzer/analyze HTTP/1.1" 200 1352 "-" "PostmanRuntime/7.43.0"
::1 - - [04/Aug/2025:14:11:23 +0000] "POST /analyzer/analyze HTTP/1.1" 200 1615 "-" "PostmanRuntime/7.43.0"
::1 - - [04/Aug/2025:14:11:23 +0000] "POST /analyzer/analyze HTTP/1.1" 200 1615 "-" "PostmanRuntime/7.43.0"
::1 - - [04/Aug/2025:14:25:01 +0000] "POST /analyzer/analyze HTTP/1.1" 401 26 "-" "PostmanRuntime/7.43.0"
::1 - - [04/Aug/2025:14:25:01 +0000] "POST /analyzer/analyze HTTP/1.1" 401 26 "-" "PostmanRuntime/7.43.0"
::1 - - [04/Aug/2025:14:30:27 +0000] "POST /auth/logout HTTP/1.1" 401 26 "-" "PostmanRuntime/7.43.0"
::1 - - [04/Aug/2025:14:30:27 +0000] "POST /auth/logout HTTP/1.1" 401 26 "-" "PostmanRuntime/7.43.0"
::1 - - [04/Aug/2025:14:30:39 +0000] "POST /auth/login HTTP/1.1" 200 117 "-" "PostmanRuntime/7.43.0"
::1 - - [04/Aug/2025:14:30:39 +0000] "POST /auth/login HTTP/1.1" 200 117 "-" "PostmanRuntime/7.43.0"
::1 - - [04/Aug/2025:14:31:26 +0000] "POST /analyzer/analyze HTTP/1.1" 200 1852 "-" "PostmanRuntime/7.43.0"
::1 - - [04/Aug/2025:14:31:26 +0000] "POST /analyzer/analyze HTTP/1.1" 200 1852 "-" "PostmanRuntime/7.43.0"
::1 - - [04/Aug/2025:14:49:01 +0000] "POST /analyzer/analyze HTTP/1.1" 401 26 "-" "PostmanRuntime/7.43.0"
::1 - - [04/Aug/2025:14:49:01 +0000] "POST /analyzer/analyze HTTP/1.1" 401 26 "-" "PostmanRuntime/7.43.0"
::1 - - [04/Aug/2025:14:49:12 +0000] "POST /auth/logout HTTP/1.1" 401 26 "-" "PostmanRuntime/7.43.0"
::1 - - [04/Aug/2025:14:49:12 +0000] "POST /auth/logout HTTP/1.1" 401 26 "-" "PostmanRuntime/7.43.0"
::1 - - [04/Aug/2025:14:49:15 +0000] "POST /auth/logout HTTP/1.1" 401 26 "-" "PostmanRuntime/7.43.0"
::1 - - [04/Aug/2025:14:49:15 +0000] "POST /auth/logout HTTP/1.1" 401 26 "-" "PostmanRuntime/7.43.0"
::1 - - [04/Aug/2025:14:49:47 +0000] "POST /csrf-token HTTP/1.1" 404 150 "-" "PostmanRuntime/7.43.0"
::1 - - [04/Aug/2025:14:49:47 +0000] "POST /csrf-token HTTP/1.1" 404 150 "-" "PostmanRuntime/7.43.0"
::1 - - [04/Aug/2025:14:50:12 +0000] "POST /csrf-token//csrf-token HTTP/1.1" 404 162 "-" "PostmanRuntime/7.43.0"
::1 - - [04/Aug/2025:14:50:12 +0000] "POST /csrf-token//csrf-token HTTP/1.1" 404 162 "-" "PostmanRuntime/7.43.0"
::1 - - [04/Aug/2025:14:50:19 +0000] "POST /csrf-token/csrf-token HTTP/1.1" 404 161 "-" "PostmanRuntime/7.43.0"
::1 - - [04/Aug/2025:14:50:19 +0000] "POST /csrf-token/csrf-token HTTP/1.1" 404 161 "-" "PostmanRuntime/7.43.0"
::1 - - [04/Aug/2025:14:50:32 +0000] "POST /auth/login HTTP/1.1" 500 86 "-" "PostmanRuntime/7.43.0"
::1 - - [04/Aug/2025:14:50:32 +0000] "POST /auth/login HTTP/1.1" 500 86 "-" "PostmanRuntime/7.43.0"
::1 - - [04/Aug/2025:14:50:39 +0000] "POST /auth/login HTTP/1.1" 200 117 "-" "PostmanRuntime/7.43.0"
::1 - - [04/Aug/2025:14:50:39 +0000] "POST /auth/login HTTP/1.1" 200 117 "-" "PostmanRuntime/7.43.0"
::1 - - [04/Aug/2025:14:50:59 +0000] "POST /analyzer/analyze HTTP/1.1" 200 2150 "-" "PostmanRuntime/7.43.0"
::1 - - [04/Aug/2025:14:50:59 +0000] "POST /analyzer/analyze HTTP/1.1" 200 2150 "-" "PostmanRuntime/7.43.0"
::1 - - [04/Aug/2025:14:52:37 +0000] "POST /analyzer/analyze HTTP/1.1" 200 1337 "-" "PostmanRuntime/7.43.0"
::1 - - [04/Aug/2025:14:52:37 +0000] "POST /analyzer/analyze HTTP/1.1" 200 1337 "-" "PostmanRuntime/7.43.0"
::1 - - [04/Aug/2025:15:01:44 +0000] "POST /analyzer/analyze HTTP/1.1" 200 2246 "-" "PostmanRuntime/7.43.0"
::1 - - [04/Aug/2025:15:01:44 +0000] "POST /analyzer/analyze HTTP/1.1" 200 2246 "-" "PostmanRuntime/7.43.0"
::1 - - [04/Aug/2025:15:04:21 +0000] "POST /analyzer/analyze HTTP/1.1" 200 2500 "-" "PostmanRuntime/7.43.0"
::1 - - [04/Aug/2025:15:04:21 +0000] "POST /analyzer/analyze HTTP/1.1" 200 2500 "-" "PostmanRuntime/7.43.0"
::1 - - [04/Aug/2025:15:12:41 +0000] "POST /analyzer/analyze HTTP/1.1" 401 26 "-" "PostmanRuntime/7.43.0"
::1 - - [04/Aug/2025:15:12:41 +0000] "POST /analyzer/analyze HTTP/1.1" 401 26 "-" "PostmanRuntime/7.43.0"
::1 - - [04/Aug/2025:15:12:48 +0000] "POST /auth/logout HTTP/1.1" 401 26 "-" "PostmanRuntime/7.43.0"
::1 - - [04/Aug/2025:15:12:48 +0000] "POST /auth/logout HTTP/1.1" 401 26 "-" "PostmanRuntime/7.43.0"
::1 - - [04/Aug/2025:15:12:56 +0000] "POST /login HTTP/1.1" 404 145 "-" "PostmanRuntime/7.43.0"
::1 - - [04/Aug/2025:15:12:56 +0000] "POST /login HTTP/1.1" 404 145 "-" "PostmanRuntime/7.43.0"
::1 - - [04/Aug/2025:15:13:04 +0000] "POST /auth/login HTTP/1.1" 200 117 "-" "PostmanRuntime/7.43.0"
::1 - - [04/Aug/2025:15:13:04 +0000] "POST /auth/login HTTP/1.1" 200 117 "-" "PostmanRuntime/7.43.0"
::1 - - [04/Aug/2025:15:13:27 +0000] "POST /analyzer/anayze HTTP/1.1" 404 155 "-" "PostmanRuntime/7.43.0"
::1 - - [04/Aug/2025:15:13:27 +0000] "POST /analyzer/anayze HTTP/1.1" 404 155 "-" "PostmanRuntime/7.43.0"
::1 - - [04/Aug/2025:15:14:19 +0000] "POST /analyzer/analyze HTTP/1.1" 200 2754 "-" "PostmanRuntime/7.43.0"
::1 - - [04/Aug/2025:15:14:19 +0000] "POST /analyzer/analyze HTTP/1.1" 200 2754 "-" "PostmanRuntime/7.43.0"
::1 - - [04/Aug/2025:15:21:36 +0000] "POST /analyzer/analyze HTTP/1.1" 200 3160 "-" "PostmanRuntime/7.43.0"
::1 - - [04/Aug/2025:15:21:36 +0000] "POST /analyzer/analyze HTTP/1.1" 200 3160 "-" "PostmanRuntime/7.43.0"
::1 - - [04/Aug/2025:15:24:15 +0000] "POST /analyzer/analyze HTTP/1.1" 200 1334 "-" "PostmanRuntime/7.43.0"
::1 - - [04/Aug/2025:15:24:15 +0000] "POST /analyzer/analyze HTTP/1.1" 200 1334 "-" "PostmanRuntime/7.43.0"
::1 - - [04/Aug/2025:15:25:50 +0000] "POST /analyzer/analyze HTTP/1.1" 200 1579 "-" "PostmanRuntime/7.43.0"
::1 - - [04/Aug/2025:15:25:50 +0000] "POST /analyzer/analyze HTTP/1.1" 200 1579 "-" "PostmanRuntime/7.43.0"
::1 - - [04/Aug/2025:15:29:22 +0000] "POST /analyzer/analyze HTTP/1.1" 401 26 "-" "PostmanRuntime/7.43.0"
::1 - - [04/Aug/2025:15:29:22 +0000] "POST /analyzer/analyze HTTP/1.1" 401 26 "-" "PostmanRuntime/7.43.0"
::1 - - [04/Aug/2025:15:29:35 +0000] "POST /auth/login HTTP/1.1" 500 86 "-" "PostmanRuntime/7.43.0"
::1 - - [04/Aug/2025:15:29:35 +0000] "POST /auth/login HTTP/1.1" 500 86 "-" "PostmanRuntime/7.43.0"
::1 - - [04/Aug/2025:15:29:39 +0000] "POST /auth/login HTTP/1.1" 200 117 "-" "PostmanRuntime/7.43.0"
::1 - - [04/Aug/2025:15:29:39 +0000] "POST /auth/login HTTP/1.1" 200 117 "-" "PostmanRuntime/7.43.0"
::1 - - [04/Aug/2025:15:30:08 +0000] "POST /analyzer/analyze HTTP/1.1" 200 1825 "-" "PostmanRuntime/7.43.0"
::1 - - [04/Aug/2025:15:30:08 +0000] "POST /analyzer/analyze HTTP/1.1" 200 1825 "-" "PostmanRuntime/7.43.0"
::1 - - [04/Aug/2025:15:30:44 +0000] "POST /analyzer/analyze HTTP/1.1" 500 1838 "-" "PostmanRuntime/7.43.0"
::1 - - [04/Aug/2025:15:30:44 +0000] "POST /analyzer/analyze HTTP/1.1" 500 1838 "-" "PostmanRuntime/7.43.0"
::1 - - [04/Aug/2025:15:30:55 +0000] "POST /analyzer/analyze HTTP/1.1" 500 1838 "-" "PostmanRuntime/7.43.0"
::1 - - [04/Aug/2025:15:30:55 +0000] "POST /analyzer/analyze HTTP/1.1" 500 1838 "-" "PostmanRuntime/7.43.0"
::1 - - [04/Aug/2025:15:31:02 +0000] "POST /analyzer/analyze HTTP/1.1" 500 1838 "-" "PostmanRuntime/7.43.0"
::1 - - [04/Aug/2025:15:31:02 +0000] "POST /analyzer/analyze HTTP/1.1" 500 1838 "-" "PostmanRuntime/7.43.0"
::1 - - [04/Aug/2025:15:32:30 +0000] "POST /analyzer/analyze HTTP/1.1" 500 1838 "-" "PostmanRuntime/7.43.0"
::1 - - [04/Aug/2025:15:32:30 +0000] "POST /analyzer/analyze HTTP/1.1" 500 1838 "-" "PostmanRuntime/7.43.0"
::1 - - [04/Aug/2025:15:37:26 +0000] "POST /analyzer/analyze HTTP/1.1" 500 1838 "-" "PostmanRuntime/7.43.0"
::1 - - [04/Aug/2025:15:37:26 +0000] "POST /analyzer/analyze HTTP/1.1" 500 1838 "-" "PostmanRuntime/7.43.0"
::1 - - [04/Aug/2025:15:40:22 +0000] "POST /analyzer/analyze HTTP/1.1" 200 2114 "-" "PostmanRuntime/7.43.0"
::1 - - [04/Aug/2025:15:40:22 +0000] "POST /analyzer/analyze HTTP/1.1" 200 2114 "-" "PostmanRuntime/7.43.0"
::1 - - [04/Aug/2025:15:44:55 +0000] "POST /analyzer/analyze HTTP/1.1" 401 26 "-" "PostmanRuntime/7.43.0"
::1 - - [04/Aug/2025:15:44:55 +0000] "POST /analyzer/analyze HTTP/1.1" 401 26 "-" "PostmanRuntime/7.43.0"
::1 - - [04/Aug/2025:15:45:05 +0000] "POST /auth/login HTTP/1.1" 200 117 "-" "PostmanRuntime/7.43.0"
::1 - - [04/Aug/2025:15:45:05 +0000] "POST /auth/login HTTP/1.1" 200 117 "-" "PostmanRuntime/7.43.0"
::1 - - [04/Aug/2025:15:45:22 +0000] "POST /analyzer/analyze HTTP/1.1" 200 2201 "-" "PostmanRuntime/7.43.0"
::1 - - [04/Aug/2025:15:45:22 +0000] "POST /analyzer/analyze HTTP/1.1" 200 2201 "-" "PostmanRuntime/7.43.0"
::1 - - [04/Aug/2025:15:48:04 +0000] "POST /analyzer/analyze HTTP/1.1" 200 2446 "-" "PostmanRuntime/7.43.0"
::1 - - [04/Aug/2025:15:48:04 +0000] "POST /analyzer/analyze HTTP/1.1" 200 2446 "-" "PostmanRuntime/7.43.0"
::1 - - [04/Aug/2025:16:01:02 +0000] "POST /analyzer/analyze HTTP/1.1" 401 26 "-" "PostmanRuntime/7.43.0"
::1 - - [04/Aug/2025:16:01:02 +0000] "POST /analyzer/analyze HTTP/1.1" 401 26 "-" "PostmanRuntime/7.43.0"
::1 - - [04/Aug/2025:16:01:14 +0000] "POST /auth/login HTTP/1.1" 200 117 "-" "PostmanRuntime/7.43.0"
::1 - - [04/Aug/2025:16:01:14 +0000] "POST /auth/login HTTP/1.1" 200 117 "-" "PostmanRuntime/7.43.0"
::1 - - [04/Aug/2025:16:24:07 +0000] "POST /analyzer/analyze HTTP/1.1" 401 26 "-" "PostmanRuntime/7.43.0"
::1 - - [04/Aug/2025:16:24:07 +0000] "POST /analyzer/analyze HTTP/1.1" 401 26 "-" "PostmanRuntime/7.43.0"
::1 - - [04/Aug/2025:16:24:19 +0000] "POST /auth/login HTTP/1.1" 200 117 "-" "PostmanRuntime/7.43.0"
::1 - - [04/Aug/2025:16:24:19 +0000] "POST /auth/login HTTP/1.1" 200 117 "-" "PostmanRuntime/7.43.0"
::1 - - [04/Aug/2025:16:44:51 +0000] "POST /analyzer/analyze HTTP/1.1" 401 26 "-" "PostmanRuntime/7.43.0"
::1 - - [04/Aug/2025:16:44:51 +0000] "POST /analyzer/analyze HTTP/1.1" 401 26 "-" "PostmanRuntime/7.43.0"
::1 - - [04/Aug/2025:16:45:01 +0000] "POST /auth/login HTTP/1.1" 500 86 "-" "PostmanRuntime/7.43.0"
::1 - - [04/Aug/2025:16:45:01 +0000] "POST /auth/login HTTP/1.1" 500 86 "-" "PostmanRuntime/7.43.0"
::1 - - [04/Aug/2025:16:45:07 +0000] "POST /auth/login HTTP/1.1" 200 117 "-" "PostmanRuntime/7.43.0"
::1 - - [04/Aug/2025:16:45:07 +0000] "POST /auth/login HTTP/1.1" 200 117 "-" "PostmanRuntime/7.43.0"
::1 - - [04/Aug/2025:16:53:50 +0000] "POST /analyzer/analyze HTTP/1.1" 200 607874 "-" "PostmanRuntime/7.43.0"
::1 - - [04/Aug/2025:16:53:50 +0000] "POST /analyzer/analyze HTTP/1.1" 200 607874 "-" "PostmanRuntime/7.43.0"
::1 - - [04/Aug/2025:17:00:06 +0000] "POST /analyzer/analyze HTTP/1.1" 200 22028 "-" "PostmanRuntime/7.43.0"
::1 - - [04/Aug/2025:17:00:06 +0000] "POST /analyzer/analyze HTTP/1.1" 200 22028 "-" "PostmanRuntime/7.43.0"
::1 - - [04/Aug/2025:17:00:14 +0000] "POST /analyzer/analyze HTTP/1.1" 401 26 "-" "PostmanRuntime/7.43.0"
::1 - - [04/Aug/2025:17:00:14 +0000] "POST /analyzer/analyze HTTP/1.1" 401 26 "-" "PostmanRuntime/7.43.0"
::1 - - [04/Aug/2025:17:00:26 +0000] "POST /auth/login HTTP/1.1" 200 117 "-" "PostmanRuntime/7.43.0"
::1 - - [04/Aug/2025:17:00:26 +0000] "POST /auth/login HTTP/1.1" 200 117 "-" "PostmanRuntime/7.43.0"
::1 - - [04/Aug/2025:17:00:38 +0000] "POST /analyzer/analyze HTTP/1.1" 200 22028 "-" "PostmanRuntime/7.43.0"
::1 - - [04/Aug/2025:17:00:38 +0000] "POST /analyzer/analyze HTTP/1.1" 200 22028 "-" "PostmanRuntime/7.43.0"
::1 - - [04/Aug/2025:17:14:24 +0000] "POST /analyzer/analyze HTTP/1.1" 200 22028 "-" "PostmanRuntime/7.43.0"
::1 - - [04/Aug/2025:17:14:24 +0000] "POST /analyzer/analyze HTTP/1.1" 200 22028 "-" "PostmanRuntime/7.43.0"
::1 - - [04/Aug/2025:17:15:22 +0000] "POST /analyzer/analyze HTTP/1.1" 200 5924 "-" "PostmanRuntime/7.43.0"
::1 - - [04/Aug/2025:17:15:22 +0000] "POST /analyzer/analyze HTTP/1.1" 200 5924 "-" "PostmanRuntime/7.43.0"
::1 - - [04/Aug/2025:17:25:09 +0000] "POST /analyzer/analyze HTTP/1.1" 401 26 "-" "PostmanRuntime/7.43.0"
::1 - - [04/Aug/2025:17:25:09 +0000] "POST /analyzer/analyze HTTP/1.1" 401 26 "-" "PostmanRuntime/7.43.0"
::1 - - [04/Aug/2025:17:26:11 +0000] "POST /auth/login HTTP/1.1" 200 117 "-" "PostmanRuntime/7.43.0"
::1 - - [04/Aug/2025:17:26:11 +0000] "POST /auth/login HTTP/1.1" 200 117 "-" "PostmanRuntime/7.43.0"
::1 - - [04/Aug/2025:17:26:30 +0000] "POST /analyzer/analyze HTTP/1.1" 200 1611 "-" "PostmanRuntime/7.43.0"
::1 - - [04/Aug/2025:17:26:30 +0000] "POST /analyzer/analyze HTTP/1.1" 200 1611 "-" "PostmanRuntime/7.43.0"
::1 - - [04/Aug/2025:17:28:59 +0000] "POST /analyzer/analyze HTTP/1.1" 200 1434 "-" "PostmanRuntime/7.43.0"
::1 - - [04/Aug/2025:17:28:59 +0000] "POST /analyzer/analyze HTTP/1.1" 200 1434 "-" "PostmanRuntime/7.43.0"
::1 - - [04/Aug/2025:17:31:23 +0000] "POST /analyzer/analyze HTTP/1.1" 200 17149 "-" "PostmanRuntime/7.43.0"
::1 - - [04/Aug/2025:17:31:23 +0000] "POST /analyzer/analyze HTTP/1.1" 200 17149 "-" "PostmanRuntime/7.43.0"
::1 - - [04/Aug/2025:17:34:31 +0000] "POST /analyzer/analyze HTTP/1.1" 200 3713 "-" "PostmanRuntime/7.43.0"
::1 - - [04/Aug/2025:17:34:31 +0000] "POST /analyzer/analyze HTTP/1.1" 200 3713 "-" "PostmanRuntime/7.43.0"
::1 - - [04/Aug/2025:17:37:27 +0000] "POST /analyzer/analyze HTTP/1.1" 200 5651 "-" "PostmanRuntime/7.43.0"
::1 - - [04/Aug/2025:17:37:27 +0000] "POST /analyzer/analyze HTTP/1.1" 200 5651 "-" "PostmanRuntime/7.43.0"
::1 - - [04/Aug/2025:17:47:16 +0000] "POST /auth/login HTTP/1.1" 200 117 "-" "PostmanRuntime/7.43.0"
::1 - - [04/Aug/2025:17:47:16 +0000] "POST /auth/login HTTP/1.1" 200 117 "-" "PostmanRuntime/7.43.0"
::1 - - [04/Aug/2025:17:48:01 +0000] "POST /analyzer/analyze HTTP/1.1" 200 4199 "-" "PostmanRuntime/7.43.0"
::1 - - [04/Aug/2025:17:48:01 +0000] "POST /analyzer/analyze HTTP/1.1" 200 4199 "-" "PostmanRuntime/7.43.0"
::1 - - [04/Aug/2025:17:48:37 +0000] "POST /analyzer/analyze HTTP/1.1" 200 1617 "-" "PostmanRuntime/7.43.0"
::1 - - [04/Aug/2025:17:48:37 +0000] "POST /analyzer/analyze HTTP/1.1" 200 1617 "-" "PostmanRuntime/7.43.0"
::1 - - [04/Aug/2025:18:10:35 +0000] "POST /auth/login HTTP/1.1" 200 117 "-" "PostmanRuntime/7.43.0"
::1 - - [04/Aug/2025:18:10:35 +0000] "POST /auth/login HTTP/1.1" 200 117 "-" "PostmanRuntime/7.43.0"
::1 - - [04/Aug/2025:18:10:45 +0000] "POST /analyzer/analyze HTTP/1.1" 200 1468 "-" "PostmanRuntime/7.43.0"
::1 - - [04/Aug/2025:18:10:45 +0000] "POST /analyzer/analyze HTTP/1.1" 200 1468 "-" "PostmanRuntime/7.43.0"
::1 - - [04/Aug/2025:18:28:17 +0000] "POST /analyzer/analyze HTTP/1.1" 401 26 "-" "PostmanRuntime/7.43.0"
::1 - - [04/Aug/2025:18:28:17 +0000] "POST /analyzer/analyze HTTP/1.1" 401 26 "-" "PostmanRuntime/7.43.0"
::1 - - [04/Aug/2025:18:28:28 +0000] "POST /auth/login HTTP/1.1" 200 117 "-" "PostmanRuntime/7.43.0"
::1 - - [04/Aug/2025:18:28:28 +0000] "POST /auth/login HTTP/1.1" 200 117 "-" "PostmanRuntime/7.43.0"
::1 - - [04/Aug/2025:18:28:39 +0000] "POST /analyzer/analyze HTTP/1.1" 500 504 "-" "PostmanRuntime/7.43.0"
::1 - - [04/Aug/2025:18:28:39 +0000] "POST /analyzer/analyze HTTP/1.1" 500 504 "-" "PostmanRuntime/7.43.0"
::1 - - [04/Aug/2025:18:30:08 +0000] "POST /analyzer/analyze HTTP/1.1" 500 504 "-" "PostmanRuntime/7.43.0"
::1 - - [04/Aug/2025:18:30:08 +0000] "POST /analyzer/analyze HTTP/1.1" 500 504 "-" "PostmanRuntime/7.43.0"
::1 - - [04/Aug/2025:18:30:33 +0000] "POST /analyzer/analyze HTTP/1.1" 500 504 "-" "PostmanRuntime/7.43.0"
::1 - - [04/Aug/2025:18:30:33 +0000] "POST /analyzer/analyze HTTP/1.1" 500 504 "-" "PostmanRuntime/7.43.0"
::1 - - [04/Aug/2025:18:33:53 +0000] "POST /analyzer/analyze HTTP/1.1" 500 504 "-" "PostmanRuntime/7.43.0"
::1 - - [04/Aug/2025:18:33:53 +0000] "POST /analyzer/analyze HTTP/1.1" 500 504 "-" "PostmanRuntime/7.43.0"
::1 - - [04/Aug/2025:18:38:12 +0000] "POST /analyzer/analyze HTTP/1.1" 500 504 "-" "PostmanRuntime/7.43.0"
::1 - - [04/Aug/2025:18:38:12 +0000] "POST /analyzer/analyze HTTP/1.1" 500 504 "-" "PostmanRuntime/7.43.0"
::1 - - [04/Aug/2025:18:38:35 +0000] "POST /auth/login HTTP/1.1" 200 117 "-" "PostmanRuntime/7.43.0"
::1 - - [04/Aug/2025:18:38:35 +0000] "POST /auth/login HTTP/1.1" 200 117 "-" "PostmanRuntime/7.43.0"
::1 - - [04/Aug/2025:18:38:51 +0000] "POST /analyzer/analyze HTTP/1.1" 200 1413 "-" "PostmanRuntime/7.43.0"
::1 - - [04/Aug/2025:18:38:51 +0000] "POST /analyzer/analyze HTTP/1.1" 200 1413 "-" "PostmanRuntime/7.43.0"
::1 - - [04/Aug/2025:18:40:23 +0000] "POST /analyzer/analyze HTTP/1.1" 200 1236 "-" "PostmanRuntime/7.43.0"
::1 - - [04/Aug/2025:18:40:23 +0000] "POST /analyzer/analyze HTTP/1.1" 200 1236 "-" "PostmanRuntime/7.43.0"
::1 - - [04/Aug/2025:18:54:11 +0000] "POST /analyzer/analyze HTTP/1.1" 401 26 "-" "PostmanRuntime/7.43.0"
::1 - - [04/Aug/2025:18:54:11 +0000] "POST /analyzer/analyze HTTP/1.1" 401 26 "-" "PostmanRuntime/7.43.0"
::1 - - [04/Aug/2025:18:54:26 +0000] "POST /auth/login HTTP/1.1" 200 117 "-" "PostmanRuntime/7.43.0"
::1 - - [04/Aug/2025:18:54:26 +0000] "POST /auth/login HTTP/1.1" 200 117 "-" "PostmanRuntime/7.43.0"
::1 - - [04/Aug/2025:18:54:34 +0000] "POST /analyzer/analyze HTTP/1.1" 200 1952 "-" "PostmanRuntime/7.43.0"
::1 - - [04/Aug/2025:18:54:34 +0000] "POST /analyzer/analyze HTTP/1.1" 200 1952 "-" "PostmanRuntime/7.43.0"
::1 - - [04/Aug/2025:19:06:00 +0000] "POST /analyzer/analyze HTTP/1.1" 200 2743 "-" "PostmanRuntime/7.43.0"
::1 - - [04/Aug/2025:19:06:00 +0000] "POST /analyzer/analyze HTTP/1.1" 200 2743 "-" "PostmanRuntime/7.43.0"
::1 - - [04/Aug/2025:19:24:18 +0000] "POST /analyzer/analyze HTTP/1.1" 401 26 "-" "PostmanRuntime/7.43.0"
::1 - - [04/Aug/2025:19:24:18 +0000] "POST /analyzer/analyze HTTP/1.1" 401 26 "-" "PostmanRuntime/7.43.0"
::1 - - [04/Aug/2025:19:24:30 +0000] "POST /auth/login HTTP/1.1" 200 117 "-" "PostmanRuntime/7.43.0"
::1 - - [04/Aug/2025:19:24:30 +0000] "POST /auth/login HTTP/1.1" 200 117 "-" "PostmanRuntime/7.43.0"
::1 - - [04/Aug/2025:19:24:34 +0000] "POST /analyzer/analyze HTTP/1.1" 400 7 "-" "PostmanRuntime/7.43.0"
::1 - - [04/Aug/2025:19:24:34 +0000] "POST /analyzer/analyze HTTP/1.1" 400 7 "-" "PostmanRuntime/7.43.0"
::1 - - [04/Aug/2025:19:24:43 +0000] "POST /analyzer/analyze HTTP/1.1" 200 26118 "-" "PostmanRuntime/7.43.0"
::1 - - [04/Aug/2025:19:24:43 +0000] "POST /analyzer/analyze HTTP/1.1" 200 26118 "-" "PostmanRuntime/7.43.0"
::1 - - [04/Aug/2025:19:25:45 +0000] "POST /analyzer/analyze HTTP/1.1" 200 6856 "-" "PostmanRuntime/7.43.0"
::1 - - [04/Aug/2025:19:25:45 +0000] "POST /analyzer/analyze HTTP/1.1" 200 6856 "-" "PostmanRuntime/7.43.0"
::1 - - [04/Aug/2025:19:27:01 +0000] "POST /analyzer/analyze HTTP/1.1" 200 17808 "-" "PostmanRuntime/7.43.0"
::1 - - [04/Aug/2025:19:27:01 +0000] "POST /analyzer/analyze HTTP/1.1" 200 17808 "-" "PostmanRuntime/7.43.0"
::1 - - [04/Aug/2025:19:28:42 +0000] "POST /analyzer/analyze HTTP/1.1" 200 5539 "-" "PostmanRuntime/7.43.0"
::1 - - [04/Aug/2025:19:28:42 +0000] "POST /analyzer/analyze HTTP/1.1" 200 5539 "-" "PostmanRuntime/7.43.0"
::1 - - [07/Aug/2025:07:49:12 +0000] "POST /analyzer/analyze HTTP/1.1" 401 26 "-" "PostmanRuntime/7.43.0"
::1 - - [07/Aug/2025:07:49:12 +0000] "POST /analyzer/analyze HTTP/1.1" 401 26 "-" "PostmanRuntime/7.43.0"
::1 - - [07/Aug/2025:07:49:22 +0000] "POST /auth/login HTTP/1.1" 200 117 "-" "PostmanRuntime/7.43.0"
::1 - - [07/Aug/2025:07:49:22 +0000] "POST /auth/login HTTP/1.1" 200 117 "-" "PostmanRuntime/7.43.0"
::1 - - [07/Aug/2025:07:49:31 +0000] "POST /analyzer/analyze HTTP/1.1" 200 6020 "-" "PostmanRuntime/7.43.0"
::1 - - [07/Aug/2025:07:49:31 +0000] "POST /analyzer/analyze HTTP/1.1" 200 6020 "-" "PostmanRuntime/7.43.0"
::1 - - [07/Aug/2025:15:37:37 +0000] "POST /analyzer/analyze HTTP/1.1" 401 26 "-" "PostmanRuntime/7.43.0"
::1 - - [07/Aug/2025:15:37:37 +0000] "POST /analyzer/analyze HTTP/1.1" 401 26 "-" "PostmanRuntime/7.43.0"
::1 - - [07/Aug/2025:15:37:51 +0000] "POST /auth/login HTTP/1.1" 200 117 "-" "PostmanRuntime/7.43.0"
::1 - - [07/Aug/2025:15:37:51 +0000] "POST /auth/login HTTP/1.1" 200 117 "-" "PostmanRuntime/7.43.0"
::1 - - [07/Aug/2025:15:38:03 +0000] "POST /analyzer/analyze HTTP/1.1" 500 829 "-" "PostmanRuntime/7.43.0"
::1 - - [07/Aug/2025:15:38:03 +0000] "POST /analyzer/analyze HTTP/1.1" 500 829 "-" "PostmanRuntime/7.43.0"
::1 - - [07/Aug/2025:15:39:03 +0000] "POST /analyzer/analyze HTTP/1.1" 500 829 "-" "PostmanRuntime/7.43.0"
::1 - - [07/Aug/2025:15:39:03 +0000] "POST /analyzer/analyze HTTP/1.1" 500 829 "-" "PostmanRuntime/7.43.0"
::1 - - [07/Aug/2025:15:46:03 +0000] "POST /analyzer/analyze HTTP/1.1" 500 829 "-" "PostmanRuntime/7.43.0"
::1 - - [07/Aug/2025:15:46:03 +0000] "POST /analyzer/analyze HTTP/1.1" 500 829 "-" "PostmanRuntime/7.43.0"
::1 - - [07/Aug/2025:15:50:28 +0000] "POST /auth/login HTTP/1.1" 200 117 "-" "PostmanRuntime/7.43.0"
::1 - - [07/Aug/2025:15:50:28 +0000] "POST /auth/login HTTP/1.1" 200 117 "-" "PostmanRuntime/7.43.0"
::1 - - [07/Aug/2025:15:50:38 +0000] "POST /auth/login HTTP/1.1" 500 86 "-" "PostmanRuntime/7.43.0"
::1 - - [07/Aug/2025:15:50:38 +0000] "POST /auth/login HTTP/1.1" 500 86 "-" "PostmanRuntime/7.43.0"
::1 - - [07/Aug/2025:16:06:08 +0000] "POST /analyzer/analyze HTTP/1.1" 401 26 "-" "PostmanRuntime/7.43.0"
::1 - - [07/Aug/2025:16:06:08 +0000] "POST /analyzer/analyze HTTP/1.1" 401 26 "-" "PostmanRuntime/7.43.0"
::1 - - [07/Aug/2025:16:06:19 +0000] "POST /auth/login HTTP/1.1" 200 117 "-" "PostmanRuntime/7.43.0"
::1 - - [07/Aug/2025:16:06:19 +0000] "POST /auth/login HTTP/1.1" 200 117 "-" "PostmanRuntime/7.43.0"
::1 - - [07/Aug/2025:16:35:30 +0000] "POST /analyzer/analyze HTTP/1.1" 401 26 "-" "PostmanRuntime/7.43.0"
::1 - - [07/Aug/2025:16:35:30 +0000] "POST /analyzer/analyze HTTP/1.1" 401 26 "-" "PostmanRuntime/7.43.0"
::1 - - [07/Aug/2025:16:35:40 +0000] "POST /auth/login HTTP/1.1" 200 117 "-" "PostmanRuntime/7.43.0"
::1 - - [07/Aug/2025:16:35:40 +0000] "POST /auth/login HTTP/1.1" 200 117 "-" "PostmanRuntime/7.43.0"
::1 - - [07/Aug/2025:16:41:28 +0000] "POST /analyzer/analyze HTTP/1.1" 200 2821 "-" "PostmanRuntime/7.43.0"
::1 - - [07/Aug/2025:16:41:28 +0000] "POST /analyzer/analyze HTTP/1.1" 200 2821 "-" "PostmanRuntime/7.43.0"
::1 - - [07/Aug/2025:16:44:25 +0000] "POST /analyzer/analyze HTTP/1.1" 200 3179 "-" "PostmanRuntime/7.43.0"
::1 - - [07/Aug/2025:16:44:25 +0000] "POST /analyzer/analyze HTTP/1.1" 200 3179 "-" "PostmanRuntime/7.43.0"
::1 - - [07/Aug/2025:16:48:20 +0000] "POST /analyzer/analyze HTTP/1.1" 200 3179 "-" "PostmanRuntime/7.43.0"
::1 - - [07/Aug/2025:16:48:20 +0000] "POST /analyzer/analyze HTTP/1.1" 200 3179 "-" "PostmanRuntime/7.43.0"
::1 - - [07/Aug/2025:16:50:24 +0000] "POST /analyzer/analyze HTTP/1.1" 200 9373 "-" "PostmanRuntime/7.43.0"
::1 - - [07/Aug/2025:16:50:24 +0000] "POST /analyzer/analyze HTTP/1.1" 200 9373 "-" "PostmanRuntime/7.43.0"
::1 - - [07/Aug/2025:16:52:40 +0000] "POST /analyzer/analyze HTTP/1.1" 401 26 "-" "PostmanRuntime/7.43.0"
::1 - - [07/Aug/2025:16:52:40 +0000] "POST /analyzer/analyze HTTP/1.1" 401 26 "-" "PostmanRuntime/7.43.0"
::1 - - [07/Aug/2025:16:52:52 +0000] "POST /auth/login HTTP/1.1" 200 117 "-" "PostmanRuntime/7.43.0"
::1 - - [07/Aug/2025:16:52:52 +0000] "POST /auth/login HTTP/1.1" 200 117 "-" "PostmanRuntime/7.43.0"
::1 - - [07/Aug/2025:16:53:03 +0000] "POST /analyzer/analyze HTTP/1.1" 200 9372 "-" "PostmanRuntime/7.43.0"
::1 - - [07/Aug/2025:16:53:03 +0000] "POST /analyzer/analyze HTTP/1.1" 200 9372 "-" "PostmanRuntime/7.43.0"
::1 - - [07/Aug/2025:16:53:28 +0000] "POST /analyzer/analyze HTTP/1.1" 500 915 "-" "PostmanRuntime/7.43.0"
::1 - - [07/Aug/2025:16:53:28 +0000] "POST /analyzer/analyze HTTP/1.1" 500 915 "-" "PostmanRuntime/7.43.0"
::1 - - [07/Aug/2025:16:54:06 +0000] "POST /analyzer/analyze HTTP/1.1" 200 3309 "-" "PostmanRuntime/7.43.0"
::1 - - [07/Aug/2025:16:54:06 +0000] "POST /analyzer/analyze HTTP/1.1" 200 3309 "-" "PostmanRuntime/7.43.0"
::1 - - [07/Aug/2025:16:55:35 +0000] "POST /analyzer/analyze HTTP/1.1" 200 10161 "-" "PostmanRuntime/7.43.0"
::1 - - [07/Aug/2025:16:55:35 +0000] "POST /analyzer/analyze HTTP/1.1" 200 10161 "-" "PostmanRuntime/7.43.0"
::1 - - [07/Aug/2025:16:58:31 +0000] "POST /analyzer/analyze HTTP/1.1" 200 5241 "-" "PostmanRuntime/7.43.0"
::1 - - [07/Aug/2025:16:58:31 +0000] "POST /analyzer/analyze HTTP/1.1" 200 5241 "-" "PostmanRuntime/7.43.0"
::1 - - [07/Aug/2025:17:08:31 +0000] "POST /analyzer/analyze HTTP/1.1" 401 26 "-" "PostmanRuntime/7.43.0"
::1 - - [07/Aug/2025:17:08:31 +0000] "POST /analyzer/analyze HTTP/1.1" 401 26 "-" "PostmanRuntime/7.43.0"
::1 - - [07/Aug/2025:17:09:32 +0000] "POST /auth/login HTTP/1.1" 200 117 "-" "PostmanRuntime/7.43.0"
::1 - - [07/Aug/2025:17:09:32 +0000] "POST /auth/login HTTP/1.1" 200 117 "-" "PostmanRuntime/7.43.0"
::1 - - [07/Aug/2025:17:09:45 +0000] "POST /analyzer/analyze HTTP/1.1" 500 909 "-" "PostmanRuntime/7.43.0"
::1 - - [07/Aug/2025:17:09:45 +0000] "POST /analyzer/analyze HTTP/1.1" 500 909 "-" "PostmanRuntime/7.43.0"
::1 - - [07/Aug/2025:17:10:20 +0000] "POST /analyzer/analyze HTTP/1.1" 200 10162 "-" "PostmanRuntime/7.43.0"
::1 - - [07/Aug/2025:17:10:20 +0000] "POST /analyzer/analyze HTTP/1.1" 200 10162 "-" "PostmanRuntime/7.43.0"
::1 - - [07/Aug/2025:17:11:54 +0000] "POST /analyzer/analyze HTTP/1.1" 200 10163 "-" "PostmanRuntime/7.43.0"
::1 - - [07/Aug/2025:17:11:54 +0000] "POST /analyzer/analyze HTTP/1.1" 200 10163 "-" "PostmanRuntime/7.43.0"
::1 - - [07/Aug/2025:17:13:51 +0000] "POST /analyzer/analyze HTTP/1.1" 200 10163 "-" "PostmanRuntime/7.43.0"
::1 - - [07/Aug/2025:17:13:51 +0000] "POST /analyzer/analyze HTTP/1.1" 200 10163 "-" "PostmanRuntime/7.43.0"
::1 - - [07/Aug/2025:17:16:08 +0000] "POST /analyzer/analyze HTTP/1.1" 200 10159 "-" "PostmanRuntime/7.43.0"
::1 - - [07/Aug/2025:17:16:08 +0000] "POST /analyzer/analyze HTTP/1.1" 200 10159 "-" "PostmanRuntime/7.43.0"
::1 - - [07/Aug/2025:17:20:53 +0000] "POST /analyzer/analyze HTTP/1.1" 200 6890 "-" "PostmanRuntime/7.43.0"
::1 - - [07/Aug/2025:17:20:53 +0000] "POST /analyzer/analyze HTTP/1.1" 200 6890 "-" "PostmanRuntime/7.43.0"
::1 - - [10/Aug/2025:09:25:49 +0000] "POST /auth/login HTTP/1.1" 500 29 "-" "PostmanRuntime/7.43.0"
::1 - - [10/Aug/2025:09:25:49 +0000] "POST /auth/login HTTP/1.1" 500 29 "-" "PostmanRuntime/7.43.0"
::1 - - [10/Aug/2025:09:52:45 +0000] "POST /auth/register HTTP/1.1" 400 40 "-" "PostmanRuntime/7.43.0"
::1 - - [10/Aug/2025:09:52:45 +0000] "POST /auth/register HTTP/1.1" 400 40 "-" "PostmanRuntime/7.43.0"
::1 - - [10/Aug/2025:09:53:02 +0000] "POST /auth/register HTTP/1.1" 201 125 "-" "PostmanRuntime/7.43.0"
::1 - - [10/Aug/2025:09:53:02 +0000] "POST /auth/register HTTP/1.1" 201 125 "-" "PostmanRuntime/7.43.0"
::1 - - [10/Aug/2025:09:53:13 +0000] "POST /auth/login HTTP/1.1" 200 117 "-" "PostmanRuntime/7.43.0"
::1 - - [10/Aug/2025:09:53:13 +0000] "POST /auth/login HTTP/1.1" 200 117 "-" "PostmanRuntime/7.43.0"
::1 - - [10/Aug/2025:10:23:44 +0000] "POST /analyzer/analyze HTTP/1.1" 401 26 "-" "PostmanRuntime/7.43.0"
::1 - - [10/Aug/2025:10:23:44 +0000] "POST /analyzer/analyze HTTP/1.1" 401 26 "-" "PostmanRuntime/7.43.0"
::1 - - [10/Aug/2025:10:23:50 +0000] "POST /auth/login HTTP/1.1" 500 86 "-" "PostmanRuntime/7.43.0"
::1 - - [10/Aug/2025:10:23:50 +0000] "POST /auth/login HTTP/1.1" 500 86 "-" "PostmanRuntime/7.43.0"
::1 - - [10/Aug/2025:10:23:57 +0000] "POST /auth/login HTTP/1.1" 200 117 "-" "PostmanRuntime/7.43.0"
::1 - - [10/Aug/2025:10:23:57 +0000] "POST /auth/login HTTP/1.1" 200 117 "-" "PostmanRuntime/7.43.0"
::1 - - [10/Aug/2025:10:43:34 +0000] "POST /analyzer/analyze HTTP/1.1" 401 26 "-" "PostmanRuntime/7.43.0"
::1 - - [10/Aug/2025:10:43:34 +0000] "POST /analyzer/analyze HTTP/1.1" 401 26 "-" "PostmanRuntime/7.43.0"
::1 - - [10/Aug/2025:10:43:41 +0000] "POST /auth/login HTTP/1.1" 200 117 "-" "PostmanRuntime/7.43.0"
::1 - - [10/Aug/2025:10:43:41 +0000] "POST /auth/login HTTP/1.1" 200 117 "-" "PostmanRuntime/7.43.0"
::1 - - [10/Aug/2025:10:43:50 +0000] "POST /analyzer/analyze HTTP/1.1" 200 10523 "-" "PostmanRuntime/7.43.0"
::1 - - [10/Aug/2025:10:43:50 +0000] "POST /analyzer/analyze HTTP/1.1" 200 10523 "-" "PostmanRuntime/7.43.0"
